<?xml version="1.0" encoding="UTF-8"?>
<robot generator="Robot 7.3.1 (Python 3.13.5 on win32)" generated="2025-07-18T10:39:41.721487" rpa="false" schemaversion="5">
<suite id="s1" name="Suites">
<suite id="s1-s1" name="Dropdown1" source="C:\Users\surya\PycharmProjects\PythonProject\Executing_Suites\Dropdown1.robot">
<test id="s1-s1-t1" name="TestingInputBox" line="7">
<kw name="Open Browser" owner="SeleniumLibrary">
<msg time="2025-07-18T10:39:41.955289" level="INFO">Opening browser 'chrome' to base url 'https://www.tutorialspoint.com/selenium/practice/selenium_automation_practice.php'.</msg>
<arg>https://www.tutorialspoint.com/selenium/practice/selenium_automation_practice.php</arg>
<arg>chrome</arg>
<doc>Opens a new browser instance to the optional ``url``.</doc>
<status status="PASS" start="2025-07-18T10:39:41.954927" elapsed="2.642871"/>
</kw>
<kw name="Maximize Browser Window" owner="SeleniumLibrary">
<doc>Maximizes current browser window.</doc>
<status status="PASS" start="2025-07-18T10:39:44.598148" elapsed="0.033588"/>
</kw>
<kw name="Select From List By Label" owner="SeleniumLibrary">
<msg time="2025-07-18T10:39:44.632517" level="INFO">Selecting options from selection list 'state' by label Haryana.</msg>
<arg>state</arg>
<arg>Haryana</arg>
<doc>Selects options from selection list ``locator`` by ``labels``.</doc>
<status status="PASS" start="2025-07-18T10:39:44.631999" elapsed="0.091492"/>
</kw>
<kw name="Select From List By Index" owner="SeleniumLibrary">
<msg time="2025-07-18T10:39:44.724055" level="INFO">Selecting options from selection list 'state' by index 4.</msg>
<arg>state</arg>
<arg>4</arg>
<doc>Selects options from selection list ``locator`` by ``indexes``.</doc>
<status status="PASS" start="2025-07-18T10:39:44.723695" elapsed="0.074406"/>
</kw>
<kw name="Close All Browsers" owner="SeleniumLibrary">
<doc>Closes all open browsers and resets the browser cache.</doc>
<status status="PASS" start="2025-07-18T10:39:44.798303" elapsed="2.094916"/>
</kw>
<status status="PASS" start="2025-07-18T10:39:41.953938" elapsed="4.939537"/>
</test>
<status status="PASS" start="2025-07-18T10:39:41.754322" elapsed="5.139735"/>
</suite>
<status status="PASS" start="2025-07-18T10:39:41.739499" elapsed="5.161340"/>
</suite>
<statistics>
<total>
<stat pass="1" fail="0" skip="0">All Tests</stat>
</total>
<tag>
</tag>
<suite>
<stat name="Suites" id="s1" pass="1" fail="0" skip="0">Suites</stat>
<stat name="Dropdown1" id="s1-s1" pass="1" fail="0" skip="0">Suites.Dropdown1</stat>
</suite>
</statistics>
<errors>
</errors>
</robot>
