<?xml version="1.0" encoding="UTF-8"?>
<robot generator="Robot 7.3.1 (Python 3.13.5 on win32)" generated="2025-07-07T13:00:02.190659" rpa="false" schemaversion="5">
<suite id="s1" name="Suites">
<suite id="s1-s1" name="Alerts1" source="C:\Users\surya\PycharmProjects\PythonProject\Executing_Suites\Alerts1.robot">
<test id="s1-s1-t1" name="Handling Alerts" line="5">
<kw name="Open Browser" owner="SeleniumLibrary">
<msg time="2025-07-07T13:00:02.455508" level="INFO">Opening browser 'chrome' to base url 'https://testautomationpractice.blogspot.com/'.</msg>
<arg>https://testautomationpractice.blogspot.com/</arg>
<arg>chrome</arg>
<doc>Opens a new browser instance to the optional ``url``.</doc>
<status status="PASS" start="2025-07-07T13:00:02.455106" elapsed="5.194097"/>
</kw>
<kw name="Maximize Browser Window" owner="SeleniumLibrary">
<doc>Maximizes current browser window.</doc>
<status status="PASS" start="2025-07-07T13:00:07.649811" elapsed="0.040270"/>
</kw>
<kw name="Scroll Element Into View" owner="SeleniumLibrary">
<arg>xpath://h2[text()='Mouse Hover']</arg>
<doc>Scrolls the element identified by ``locator`` into view.</doc>
<status status="PASS" start="2025-07-07T13:00:07.690343" elapsed="0.302140"/>
</kw>
<kw name="Sleep" owner="BuiltIn">
<msg time="2025-07-07T13:00:08.993553" level="INFO">Slept 1 second.</msg>
<arg>1</arg>
<doc>Pauses the test executed for the given time.</doc>
<status status="PASS" start="2025-07-07T13:00:07.992802" elapsed="1.001009"/>
</kw>
<kw name="Click Element" owner="SeleniumLibrary">
<msg time="2025-07-07T13:00:08.994840" level="INFO">Clicking element 'id:confirmBtn'.</msg>
<arg>id:confirmBtn</arg>
<doc>Click the element identified by ``locator``.</doc>
<status status="PASS" start="2025-07-07T13:00:08.994207" elapsed="0.105936"/>
</kw>
<kw name="Sleep" owner="BuiltIn">
<msg time="2025-07-07T13:00:12.101086" level="INFO">Slept 3 seconds.</msg>
<arg>3</arg>
<doc>Pauses the test executed for the given time.</doc>
<status status="PASS" start="2025-07-07T13:00:09.100296" elapsed="3.001027"/>
</kw>
<kw name="Handle Alert" owner="SeleniumLibrary">
<msg time="2025-07-07T13:00:12.102239" level="INFO">HANDLE::&lt;class 'NoneType'&gt;::None</msg>
<arg>accept</arg>
<doc>Handles the current alert and returns its message.</doc>
<status status="PASS" start="2025-07-07T13:00:12.101693" elapsed="0.009765"/>
</kw>
<kw name="Sleep" owner="BuiltIn">
<msg time="2025-07-07T13:00:14.112516" level="INFO">Slept 2 seconds.</msg>
<arg>2</arg>
<doc>Pauses the test executed for the given time.</doc>
<status status="PASS" start="2025-07-07T13:00:12.111762" elapsed="2.000957"/>
</kw>
<kw name="Close All Browsers" owner="SeleniumLibrary">
<doc>Closes all open browsers and resets the browser cache.</doc>
<status status="PASS" start="2025-07-07T13:00:14.112989" elapsed="2.635775"/>
</kw>
<status status="PASS" start="2025-07-07T13:00:02.454182" elapsed="14.294829"/>
</test>
<status status="PASS" start="2025-07-07T13:00:02.223530" elapsed="14.526081"/>
</suite>
<status status="PASS" start="2025-07-07T13:00:02.208653" elapsed="14.542185"/>
</suite>
<statistics>
<total>
<stat pass="1" fail="0" skip="0">All Tests</stat>
</total>
<tag>
</tag>
<suite>
<stat name="Suites" id="s1" pass="1" fail="0" skip="0">Suites</stat>
<stat name="Alerts1" id="s1-s1" pass="1" fail="0" skip="0">Suites.Alerts1</stat>
</suite>
</statistics>
<errors>
</errors>
</robot>
