<?xml version="1.0" encoding="UTF-8"?>
<robot generator="Rebot 7.3.1 (Python 3.13.5 on win32)" generated="2025-07-15T12:58:37.870493" rpa="false" schemaversion="5">
<suite id="s1" name="Suites">
<suite id="s1-s1" name="Alerts1" source="C:\Users\surya\PycharmProjects\PythonProject\Executing_Suites\Alerts1.robot">
<test id="s1-s1-t1" name="Handling Alerts" line="5">
<kw name="Open Browser" owner="SeleniumLibrary">
<msg time="2025-07-15T12:58:23.294104" level="INFO">Opening browser 'chrome' to base url 'https://testautomationpractice.blogspot.com/'.</msg>
<arg>https://testautomationpractice.blogspot.com/</arg>
<arg>chrome</arg>
<doc>Opens a new browser instance to the optional ``url``.</doc>
<status status="PASS" start="2025-07-15T12:58:23.293619" elapsed="5.455639"/>
</kw>
<kw name="Maximize Browser Window" owner="SeleniumLibrary">
<doc>Maximizes current browser window.</doc>
<status status="PASS" start="2025-07-15T12:58:28.749979" elapsed="0.051091"/>
</kw>
<kw name="Scroll Element Into View" owner="SeleniumLibrary">
<arg>xpath://h2[text()='Mouse Hover']</arg>
<doc>Scrolls the element identified by ``locator`` into view.</doc>
<status status="PASS" start="2025-07-15T12:58:28.801756" elapsed="0.312079"/>
</kw>
<kw name="Sleep" owner="BuiltIn">
<msg time="2025-07-15T12:58:30.115639" level="INFO">Slept 1 second.</msg>
<arg>1</arg>
<doc>Pauses the test executed for the given time.</doc>
<status status="PASS" start="2025-07-15T12:58:29.114339" elapsed="1.001547"/>
</kw>
<kw name="Click Element" owner="SeleniumLibrary">
<msg time="2025-07-15T12:58:30.116940" level="INFO">Clicking element 'id:confirmBtn'.</msg>
<arg>id:confirmBtn</arg>
<doc>Click the element identified by ``locator``.</doc>
<status status="PASS" start="2025-07-15T12:58:30.116227" elapsed="0.196528"/>
</kw>
<kw name="Sleep" owner="BuiltIn">
<msg time="2025-07-15T12:58:33.314320" level="INFO">Slept 3 seconds.</msg>
<arg>3</arg>
<doc>Pauses the test executed for the given time.</doc>
<status status="PASS" start="2025-07-15T12:58:30.313204" elapsed="3.001323"/>
</kw>
<kw name="Handle Alert" owner="SeleniumLibrary">
<msg time="2025-07-15T12:58:33.315339" level="INFO">HANDLE::&lt;class 'NoneType'&gt;::None</msg>
<arg>accept</arg>
<doc>Handles the current alert and returns its message.</doc>
<status status="PASS" start="2025-07-15T12:58:33.314848" elapsed="0.009785"/>
</kw>
<kw name="Sleep" owner="BuiltIn">
<msg time="2025-07-15T12:58:35.326851" level="INFO">Slept 2 seconds.</msg>
<arg>2</arg>
<doc>Pauses the test executed for the given time.</doc>
<status status="PASS" start="2025-07-15T12:58:33.325210" elapsed="2.001946"/>
</kw>
<kw name="Close All Browsers" owner="SeleniumLibrary">
<doc>Closes all open browsers and resets the browser cache.</doc>
<status status="PASS" start="2025-07-15T12:58:35.327611" elapsed="2.190923"/>
</kw>
<status status="PASS" start="2025-07-15T12:58:23.292657" elapsed="14.226098"/>
</test>
<status status="PASS" start="2025-07-15T12:58:22.970000" elapsed="14.226000"/>
</suite>
<suite id="s1-s2" name="Dropdown1" source="C:\Users\surya\PycharmProjects\PythonProject\Executing_Suites\Dropdown1.robot">
<test id="s1-s2-t1" name="TestingInputBox" line="7">
<kw name="Open Browser" owner="SeleniumLibrary">
<msg time="2025-07-15T12:58:23.311823" level="INFO">Opening browser 'chrome' to base url 'https://www.tutorialspoint.com/selenium/practice/selenium_automation_practice.php'.</msg>
<arg>https://www.tutorialspoint.com/selenium/practice/selenium_automation_practice.php</arg>
<arg>chrome</arg>
<doc>Opens a new browser instance to the optional ``url``.</doc>
<status status="PASS" start="2025-07-15T12:58:23.311426" elapsed="3.613292"/>
</kw>
<kw name="Maximize Browser Window" owner="SeleniumLibrary">
<doc>Maximizes current browser window.</doc>
<status status="PASS" start="2025-07-15T12:58:26.925209" elapsed="0.052733"/>
</kw>
<kw name="Select From List By Label" owner="SeleniumLibrary">
<msg time="2025-07-15T12:58:26.979292" level="INFO">Selecting options from selection list 'state' by label Haryana.</msg>
<arg>state</arg>
<arg>Haryana</arg>
<doc>Selects options from selection list ``locator`` by ``labels``.</doc>
<status status="PASS" start="2025-07-15T12:58:26.978574" elapsed="0.196176"/>
</kw>
<kw name="Select From List By Index" owner="SeleniumLibrary">
<msg time="2025-07-15T12:58:27.175326" level="INFO">Selecting options from selection list 'state' by index 4.</msg>
<arg>state</arg>
<arg>4</arg>
<doc>Selects options from selection list ``locator`` by ``indexes``.</doc>
<status status="PASS" start="2025-07-15T12:58:27.174973" elapsed="0.153160"/>
</kw>
<kw name="Close All Browsers" owner="SeleniumLibrary">
<doc>Closes all open browsers and resets the browser cache.</doc>
<status status="PASS" start="2025-07-15T12:58:27.328486" elapsed="2.210890"/>
</kw>
<status status="PASS" start="2025-07-15T12:58:23.310078" elapsed="6.229701"/>
</test>
<status status="PASS" start="2025-07-15T12:58:22.960522" elapsed="6.580311"/>
</suite>
<doc>[https://pabot.org/?ref=log|Pabot] result from 2 executions.</doc>
<status status="PASS" start="2025-07-15T12:58:22.944000" elapsed="14.236000"/>
</suite>
<statistics>
<total>
<stat pass="2" fail="0" skip="0">All Tests</stat>
</total>
<tag>
</tag>
<suite>
<stat name="Suites" id="s1" pass="2" fail="0" skip="0">Suites</stat>
<stat name="Alerts1" id="s1-s1" pass="1" fail="0" skip="0">Suites.Alerts1</stat>
<stat name="Dropdown1" id="s1-s2" pass="1" fail="0" skip="0">Suites.Dropdown1</stat>
</suite>
</statistics>
<errors>
</errors>
</robot>
