<?xml version="1.0" encoding="UTF-8"?>
<robot generator="Rebot 7.3.1 (Python 3.13.5 on win32)" generated="2025-07-18T10:39:57.171190" rpa="false" schemaversion="5">
<suite id="s1" name="Suites">
<suite id="s1-s1" name="Alerts1" source="C:\Users\surya\PycharmProjects\PythonProject\Executing_Suites\Alerts1.robot">
<test id="s1-s1-t1" name="Handling Alerts" line="5">
<kw name="Open Browser" owner="SeleniumLibrary">
<msg time="2025-07-18T10:39:41.946163" level="INFO">Opening browser 'chrome' to base url 'https://testautomationpractice.blogspot.com/'.</msg>
<arg>https://testautomationpractice.blogspot.com/</arg>
<arg>chrome</arg>
<doc>Opens a new browser instance to the optional ``url``.</doc>
<status status="PASS" start="2025-07-18T10:39:41.944355" elapsed="5.703453"/>
</kw>
<kw name="Maximize Browser Window" owner="SeleniumLibrary">
<doc>Maximizes current browser window.</doc>
<status status="PASS" start="2025-07-18T10:39:47.648032" elapsed="0.021994"/>
</kw>
<kw name="Scroll Element Into View" owner="SeleniumLibrary">
<arg>xpath://h2[text()='Mouse Hover']</arg>
<doc>Scrolls the element identified by ``locator`` into view.</doc>
<status status="PASS" start="2025-07-18T10:39:47.670387" elapsed="0.274017"/>
</kw>
<kw name="Sleep" owner="BuiltIn">
<msg time="2025-07-18T10:39:48.945126" level="INFO">Slept 1 second.</msg>
<arg>1</arg>
<doc>Pauses the test executed for the given time.</doc>
<status status="PASS" start="2025-07-18T10:39:47.944600" elapsed="1.000728"/>
</kw>
<kw name="Click Element" owner="SeleniumLibrary">
<msg time="2025-07-18T10:39:48.946059" level="INFO">Clicking element 'id:confirmBtn'.</msg>
<arg>id:confirmBtn</arg>
<doc>Click the element identified by ``locator``.</doc>
<status status="PASS" start="2025-07-18T10:39:48.945601" elapsed="0.066295"/>
</kw>
<kw name="Sleep" owner="BuiltIn">
<msg time="2025-07-18T10:39:52.012630" level="INFO">Slept 3 seconds.</msg>
<arg>3</arg>
<doc>Pauses the test executed for the given time.</doc>
<status status="PASS" start="2025-07-18T10:39:49.012063" elapsed="3.000736"/>
</kw>
<kw name="Handle Alert" owner="SeleniumLibrary">
<msg time="2025-07-18T10:39:52.013405" level="INFO">HANDLE::&lt;class 'NoneType'&gt;::None</msg>
<arg>accept</arg>
<doc>Handles the current alert and returns its message.</doc>
<status status="PASS" start="2025-07-18T10:39:52.013037" elapsed="0.006739"/>
</kw>
<kw name="Sleep" owner="BuiltIn">
<msg time="2025-07-18T10:39:54.021448" level="INFO">Slept 2 seconds.</msg>
<arg>2</arg>
<doc>Pauses the test executed for the given time.</doc>
<status status="PASS" start="2025-07-18T10:39:52.020033" elapsed="2.001536"/>
</kw>
<kw name="Close All Browsers" owner="SeleniumLibrary">
<doc>Closes all open browsers and resets the browser cache.</doc>
<status status="PASS" start="2025-07-18T10:39:54.021730" elapsed="2.828125"/>
</kw>
<status status="PASS" start="2025-07-18T10:39:41.943002" elapsed="14.907246"/>
</test>
<status status="PASS" start="2025-07-18T10:39:41.736000" elapsed="14.907000"/>
</suite>
<suite id="s1-s2" name="Dropdown1" source="C:\Users\surya\PycharmProjects\PythonProject\Executing_Suites\Dropdown1.robot">
<test id="s1-s2-t1" name="TestingInputBox" line="7">
<kw name="Open Browser" owner="SeleniumLibrary">
<msg time="2025-07-18T10:39:41.955289" level="INFO">Opening browser 'chrome' to base url 'https://www.tutorialspoint.com/selenium/practice/selenium_automation_practice.php'.</msg>
<arg>https://www.tutorialspoint.com/selenium/practice/selenium_automation_practice.php</arg>
<arg>chrome</arg>
<doc>Opens a new browser instance to the optional ``url``.</doc>
<status status="PASS" start="2025-07-18T10:39:41.954927" elapsed="2.642871"/>
</kw>
<kw name="Maximize Browser Window" owner="SeleniumLibrary">
<doc>Maximizes current browser window.</doc>
<status status="PASS" start="2025-07-18T10:39:44.598148" elapsed="0.033588"/>
</kw>
<kw name="Select From List By Label" owner="SeleniumLibrary">
<msg time="2025-07-18T10:39:44.632517" level="INFO">Selecting options from selection list 'state' by label Haryana.</msg>
<arg>state</arg>
<arg>Haryana</arg>
<doc>Selects options from selection list ``locator`` by ``labels``.</doc>
<status status="PASS" start="2025-07-18T10:39:44.631999" elapsed="0.091492"/>
</kw>
<kw name="Select From List By Index" owner="SeleniumLibrary">
<msg time="2025-07-18T10:39:44.724055" level="INFO">Selecting options from selection list 'state' by index 4.</msg>
<arg>state</arg>
<arg>4</arg>
<doc>Selects options from selection list ``locator`` by ``indexes``.</doc>
<status status="PASS" start="2025-07-18T10:39:44.723695" elapsed="0.074406"/>
</kw>
<kw name="Close All Browsers" owner="SeleniumLibrary">
<doc>Closes all open browsers and resets the browser cache.</doc>
<status status="PASS" start="2025-07-18T10:39:44.798303" elapsed="2.094916"/>
</kw>
<status status="PASS" start="2025-07-18T10:39:41.953938" elapsed="4.939537"/>
</test>
<status status="PASS" start="2025-07-18T10:39:41.754322" elapsed="5.139735"/>
</suite>
<doc>[https://pabot.org/?ref=log|Pabot] result from 2 executions.</doc>
<status status="PASS" start="2025-07-18T10:39:41.721000" elapsed="14.907000"/>
</suite>
<statistics>
<total>
<stat pass="2" fail="0" skip="0">All Tests</stat>
</total>
<tag>
</tag>
<suite>
<stat name="Suites" id="s1" pass="2" fail="0" skip="0">Suites</stat>
<stat name="Alerts1" id="s1-s1" pass="1" fail="0" skip="0">Suites.Alerts1</stat>
<stat name="Dropdown1" id="s1-s2" pass="1" fail="0" skip="0">Suites.Dropdown1</stat>
</suite>
</statistics>
<errors>
</errors>
</robot>
